<![LOG[[Initialization] :: *******************************************************************************]LOG]!><time="14:07:26.658330" date="01-08-2024" component="PSAppDeployToolkit" context="AP\Tejas.subramani" type="1" thread="15676" file="AppDeployToolkitMain.ps1">
<![LOG[[Initialization] :: *******************************************************************************]LOG]!><time="14:07:26.658330" date="01-08-2024" component="PSAppDeployToolkit" context="AP\Tejas.subramani" type="1" thread="15676" file="AppDeployToolkitMain.ps1">
<![LOG[[Initialization] :: [alvDocProp_4.0.1_EN] setup started.]LOG]!><time="14:07:26.721330" date="01-08-2024" component="PSAppDeployToolkit" context="AP\Tejas.subramani" type="1" thread="15676" file="AppDeployToolkitMain.ps1">
<![LOG[[Initialization] :: Script [C:\WINDOWS\ccmcache\16\AppDeployToolkit\AppDeployToolkitMain.ps1] dot-source invoked by [C:\WINDOWS\ccmcache\16\Deploy-Application.ps1]]LOG]!><time="14:07:26.734330" date="01-08-2024" component="PSAppDeployToolkit" context="AP\Tejas.subramani" type="1" thread="15676" file="AppDeployToolkitMain.ps1">
<![LOG[[Initialization] :: Script [C:\WINDOWS\ccmcache\16\AppDeployToolkit\AppDeployToolkitExtensions.ps1] dot-source invoked by [C:\WINDOWS\ccmcache\16\AppDeployToolkit\AppDeployToolkitMain.ps1]]LOG]!><time="14:07:26.750330" date="01-08-2024" component="PSAppDeployToolkitExt" context="AP\Tejas.subramani" type="1" thread="15676" file="AppDeployToolkitExtensions.ps1">
<![LOG[[Initialization] :: [alvDocProp_4.0.1_EN] script version is [1.0.0]]LOG]!><time="14:07:26.774330" date="01-08-2024" component="PSAppDeployToolkit" context="AP\Tejas.subramani" type="1" thread="15676" file="AppDeployToolkitMain.ps1">
<![LOG[[Initialization] :: [Deploy Application] script version is [3.7.0]]LOG]!><time="14:07:26.778330" date="01-08-2024" component="PSAppDeployToolkit" context="AP\Tejas.subramani" type="1" thread="15676" file="AppDeployToolkitMain.ps1">
<![LOG[[Initialization] :: The following non-default parameters were passed to [Deploy Application]: [-DeploymentType "Install" -DeployMode "Silent"]]LOG]!><time="14:07:26.781330" date="01-08-2024" component="PSAppDeployToolkit" context="AP\Tejas.subramani" type="1" thread="15676" file="AppDeployToolkitMain.ps1">
<![LOG[[Initialization] :: [App Deploy Toolkit Main] script version is [3.7.0]]LOG]!><time="14:07:26.783330" date="01-08-2024" component="PSAppDeployToolkit" context="AP\Tejas.subramani" type="1" thread="15676" file="AppDeployToolkitMain.ps1">
<![LOG[[Initialization] :: [App Deploy Toolkit Extensions] version is [1.5.0]]LOG]!><time="14:07:26.785330" date="01-08-2024" component="PSAppDeployToolkit" context="AP\Tejas.subramani" type="1" thread="15676" file="AppDeployToolkitMain.ps1">
<![LOG[[Initialization] :: Computer Name is [IBE-OF-WL0289.ap.autoliv.int]]LOG]!><time="14:07:26.788330" date="01-08-2024" component="PSAppDeployToolkit" context="AP\Tejas.subramani" type="1" thread="15676" file="AppDeployToolkitMain.ps1">
<![LOG[[Initialization] :: Current User is [AP\Tejas.subramani]]LOG]!><time="14:07:26.791330" date="01-08-2024" component="PSAppDeployToolkit" context="AP\Tejas.subramani" type="1" thread="15676" file="AppDeployToolkitMain.ps1">
<![LOG[[Initialization] :: OS Version is [Microsoft Windows 10 Enterprise 64-bit 10.0.19045.3803]]LOG]!><time="14:07:26.795330" date="01-08-2024" component="PSAppDeployToolkit" context="AP\Tejas.subramani" type="1" thread="15676" file="AppDeployToolkitMain.ps1">
<![LOG[[Initialization] :: OS Type is [Workstation]]LOG]!><time="14:07:26.798330" date="01-08-2024" component="PSAppDeployToolkit" context="AP\Tejas.subramani" type="1" thread="15676" file="AppDeployToolkitMain.ps1">
<![LOG[[Initialization] :: Current Culture is [en-US], language is [EN] and UI language is [EN]]LOG]!><time="14:07:26.802330" date="01-08-2024" component="PSAppDeployToolkit" context="AP\Tejas.subramani" type="1" thread="15676" file="AppDeployToolkitMain.ps1">
<![LOG[[Initialization] :: Hardware Platform is [Physical]]LOG]!><time="14:07:26.849330" date="01-08-2024" component="PSAppDeployToolkit" context="AP\Tejas.subramani" type="1" thread="15676" file="AppDeployToolkitMain.ps1">
<![LOG[[Initialization] :: PowerShell Host is [ConsoleHost] with version [5.1.19041.3803]]LOG]!><time="14:07:26.856330" date="01-08-2024" component="PSAppDeployToolkit" context="AP\Tejas.subramani" type="1" thread="15676" file="AppDeployToolkitMain.ps1">
<![LOG[[Initialization] :: PowerShell Version is [5.1.19041.3803 x64]]LOG]!><time="14:07:26.860330" date="01-08-2024" component="PSAppDeployToolkit" context="AP\Tejas.subramani" type="1" thread="15676" file="AppDeployToolkitMain.ps1">
<![LOG[[Initialization] :: PowerShell CLR (.NET) version is [4.0.30319.42000]]LOG]!><time="14:07:26.864330" date="01-08-2024" component="PSAppDeployToolkit" context="AP\Tejas.subramani" type="1" thread="15676" file="AppDeployToolkitMain.ps1">
<![LOG[[Initialization] :: *******************************************************************************]LOG]!><time="14:07:26.868330" date="01-08-2024" component="PSAppDeployToolkit" context="AP\Tejas.subramani" type="1" thread="15676" file="AppDeployToolkitMain.ps1">
<![LOG[[Initialization] :: Display session information for all logged on users: 


NTAccount           : AP\Tejas.subramani
SID                 : S-1-5-21-4012642512-752046232-3623045273-185466
UserName            : Tejas.subramani
DomainName          : AP
SessionId           : 9
SessionName         : Console
ConnectState        : Active
IsCurrentSession    : True
IsConsoleSession    : True
IsActiveUserSession : True
IsUserSession       : True
IsRdpSession        : False
IsLocalAdmin        : False
LogonTime           : 1/8/2024 8:26:32 AM
IdleTime            : 15:29:27.6004542
DisconnectTime      : 1/7/2024 10:30:49 PM
ClientName          : 
ClientProtocolType  : 
ClientDirectory     : 
ClientBuildNumber   : 0



]LOG]!><time="14:07:27.155330" date="01-08-2024" component="PSAppDeployToolkit" context="AP\Tejas.subramani" type="1" thread="15676" file="AppDeployToolkitMain.ps1">
<![LOG[[Initialization] :: The following users are logged on to the system: [AP\Tejas.subramani].]LOG]!><time="14:07:27.159330" date="01-08-2024" component="PSAppDeployToolkit" context="AP\Tejas.subramani" type="1" thread="15676" file="AppDeployToolkitMain.ps1">
<![LOG[[Initialization] :: Current process is running with user account [AP\Tejas.subramani] under logged in user session for [AP\Tejas.subramani].]LOG]!><time="14:07:27.163330" date="01-08-2024" component="PSAppDeployToolkit" context="AP\Tejas.subramani" type="1" thread="15676" file="AppDeployToolkitMain.ps1">
<![LOG[[Initialization] :: The following user is the console user [AP\Tejas.subramani] (user with control of physical monitor, keyboard, and mouse).]LOG]!><time="14:07:27.166330" date="01-08-2024" component="PSAppDeployToolkit" context="AP\Tejas.subramani" type="1" thread="15676" file="AppDeployToolkitMain.ps1">
<![LOG[[Initialization] :: The active logged on user is [AP\Tejas.subramani].]LOG]!><time="14:07:27.168330" date="01-08-2024" component="PSAppDeployToolkit" context="AP\Tejas.subramani" type="1" thread="15676" file="AppDeployToolkitMain.ps1">
<![LOG[[Initialization] :: The active logged on user [AP\Tejas.subramani] has a primary UI language of [EN].]LOG]!><time="14:07:27.170330" date="01-08-2024" component="PSAppDeployToolkit" context="AP\Tejas.subramani" type="1" thread="15676" file="AppDeployToolkitMain.ps1">
<![LOG[[Initialization] :: The following UI messages were imported from the config XML file: [UI_Messages_EN].]LOG]!><time="14:07:27.172330" date="01-08-2024" component="PSAppDeployToolkit" context="AP\Tejas.subramani" type="1" thread="15676" file="AppDeployToolkitMain.ps1">
<![LOG[[Initialization] :: The active logged on user [AP\Tejas.subramani] has a DPI scale factor of [125] with DPI pixels [120].]LOG]!><time="14:07:27.174330" date="01-08-2024" component="PSAppDeployToolkit" context="AP\Tejas.subramani" type="1" thread="15676" file="AppDeployToolkitMain.ps1">
<![LOG[[Initialization] :: Unable to load COM Object [Microsoft.SMS.TSEnvironment]. Therefore, script is not currently running from a SCCM Task Sequence.]LOG]!><time="14:07:27.184330" date="01-08-2024" component="PSAppDeployToolkit" context="AP\Tejas.subramani" type="1" thread="15676" file="AppDeployToolkitMain.ps1">
<![LOG[[Initialization] :: Skipping attempt to check for and make the task scheduler services healthy because the App Deployment Toolkit is not running under the [NT AUTHORITY\SYSTEM] account.]LOG]!><time="14:07:27.187330" date="01-08-2024" component="PSAppDeployToolkit" context="AP\Tejas.subramani" type="1" thread="15676" file="AppDeployToolkitMain.ps1">
<![LOG[[Initialization] :: Session 0 not detected.]LOG]!><time="14:07:27.189330" date="01-08-2024" component="PSAppDeployToolkit" context="AP\Tejas.subramani" type="1" thread="15676" file="AppDeployToolkitMain.ps1">
<![LOG[[Initialization] :: Installation is running in [Silent] mode.]LOG]!><time="14:07:27.191330" date="01-08-2024" component="PSAppDeployToolkit" context="AP\Tejas.subramani" type="1" thread="15676" file="AppDeployToolkitMain.ps1">
<![LOG[[Initialization] :: Deployment type is [Installation].]LOG]!><time="14:07:27.193330" date="01-08-2024" component="PSAppDeployToolkit" context="AP\Tejas.subramani" type="1" thread="15676" file="AppDeployToolkitMain.ps1">
<![LOG[[Installation] :: Copy file in path [C:\WINDOWS\ccmcache\16\Files\alvDocProp_4-0-1.xlam] to destination [C:\Users\Tejas.subramani\AppData\Roaming\Microsoft\AddIns\alvDocProp.xlam].]LOG]!><time="14:07:28.027330" date="01-08-2024" component="Copy-File" context="AP\Tejas.subramani" type="1" thread="15676" file="Deploy-Application.ps1">
<![LOG[[Installation] :: File copy completed successfully.]LOG]!><time="14:07:28.036330" date="01-08-2024" component="Copy-File" context="AP\Tejas.subramani" type="1" thread="15676" file="Deploy-Application.ps1">
<![LOG[[Installation] :: Create folder [C:\Users\Tejas.subramani\AppData\Roaming\alvDocProp 4.0.1].]LOG]!><time="14:07:28.487330" date="01-08-2024" component="New-Folder" context="AP\Tejas.subramani" type="1" thread="15676" file="Deploy-Application.ps1">
<![LOG[[Installation] :: Copy file in path [C:\WINDOWS\ccmcache\16\Files\alvDocProp_Uninstall.ps1] to destination [C:\Users\Tejas.subramani\AppData\Roaming\alvDocProp 4.0.1\alvDocProp_Uninstall.ps1].]LOG]!><time="14:07:28.494330" date="01-08-2024" component="Copy-File" context="AP\Tejas.subramani" type="1" thread="15676" file="Deploy-Application.ps1">
<![LOG[[Installation] :: File copy completed successfully.]LOG]!><time="14:07:28.497330" date="01-08-2024" component="Copy-File" context="AP\Tejas.subramani" type="1" thread="15676" file="Deploy-Application.ps1">
<![LOG[[Installation] :: Return fully qualified registry key path [Registry::HKEY_CURRENT_USER\SOFTWARE\Microsoft\Windows\CurrentVersion\Uninstall\alvDocProp Excel Add-In 4.0.1 EN].]LOG]!><time="14:07:28.511330" date="01-08-2024" component="Convert-RegistryPath" context="AP\Tejas.subramani" type="1" thread="15676" file="Deploy-Application.ps1">
<![LOG[[Installation] :: Create registry key [Registry::HKEY_CURRENT_USER\SOFTWARE\Microsoft\Windows\CurrentVersion\Uninstall\alvDocProp Excel Add-In 4.0.1 EN].]LOG]!><time="14:07:28.515330" date="01-08-2024" component="Set-RegistryKey" context="AP\Tejas.subramani" type="1" thread="15676" file="Deploy-Application.ps1">
<![LOG[[Installation] :: Return fully qualified registry key path [Registry::HKEY_CURRENT_USER\SOFTWARE\Microsoft\Windows\CurrentVersion\Uninstall\alvDocProp Excel Add-In 4.0.1 EN].]LOG]!><time="14:07:28.527330" date="01-08-2024" component="Convert-RegistryPath" context="AP\Tejas.subramani" type="1" thread="15676" file="Deploy-Application.ps1">
<![LOG[[Installation] :: Set registry key value: [Registry::HKEY_CURRENT_USER\SOFTWARE\Microsoft\Windows\CurrentVersion\Uninstall\alvDocProp Excel Add-In 4.0.1 EN] [DisplayName = Autoliv Custom Macro to Expose Document Properties in Excel].]LOG]!><time="14:07:28.532330" date="01-08-2024" component="Set-RegistryKey" context="AP\Tejas.subramani" type="1" thread="15676" file="Deploy-Application.ps1">
<![LOG[[Installation] :: Return fully qualified registry key path [Registry::HKEY_CURRENT_USER\SOFTWARE\Microsoft\Windows\CurrentVersion\Uninstall\alvDocProp Excel Add-In 4.0.1 EN].]LOG]!><time="14:07:28.540330" date="01-08-2024" component="Convert-RegistryPath" context="AP\Tejas.subramani" type="1" thread="15676" file="Deploy-Application.ps1">
<![LOG[[Installation] :: Set registry key value: [Registry::HKEY_CURRENT_USER\SOFTWARE\Microsoft\Windows\CurrentVersion\Uninstall\alvDocProp Excel Add-In 4.0.1 EN] [DisplayVersion = 4.0.1].]LOG]!><time="14:07:28.544330" date="01-08-2024" component="Set-RegistryKey" context="AP\Tejas.subramani" type="1" thread="15676" file="Deploy-Application.ps1">
<![LOG[[Installation] :: Return fully qualified registry key path [Registry::HKEY_CURRENT_USER\SOFTWARE\Microsoft\Windows\CurrentVersion\Uninstall\alvDocProp Excel Add-In 4.0.1 EN].]LOG]!><time="14:07:28.550330" date="01-08-2024" component="Convert-RegistryPath" context="AP\Tejas.subramani" type="1" thread="15676" file="Deploy-Application.ps1">
<![LOG[[Installation] :: Set registry key value: [Registry::HKEY_CURRENT_USER\SOFTWARE\Microsoft\Windows\CurrentVersion\Uninstall\alvDocProp Excel Add-In 4.0.1 EN] [Publisher = Autoliv].]LOG]!><time="14:07:28.553330" date="01-08-2024" component="Set-RegistryKey" context="AP\Tejas.subramani" type="1" thread="15676" file="Deploy-Application.ps1">
<![LOG[[Installation] :: Return fully qualified registry key path [Registry::HKEY_CURRENT_USER\SOFTWARE\Microsoft\Windows\CurrentVersion\Uninstall\alvDocProp Excel Add-In 4.0.1 EN].]LOG]!><time="14:07:28.559330" date="01-08-2024" component="Convert-RegistryPath" context="AP\Tejas.subramani" type="1" thread="15676" file="Deploy-Application.ps1">
<![LOG[[Installation] :: Set registry key value: [Registry::HKEY_CURRENT_USER\SOFTWARE\Microsoft\Windows\CurrentVersion\Uninstall\alvDocProp Excel Add-In 4.0.1 EN] [UninstallString = powershell.exe -ExecutionPolicy Bypass -WindowStyle Hidden -File "C:\Users\Tejas.subramani\AppData\Roaming\alvDocProp 4.0.1\alvDocProp_Uninstall.ps1"].]LOG]!><time="14:07:28.562330" date="01-08-2024" component="Set-RegistryKey" context="AP\Tejas.subramani" type="1" thread="15676" file="Deploy-Application.ps1">
<![LOG[[Installation] :: Return fully qualified registry key path [Registry::HKEY_CURRENT_USER\SOFTWARE\Microsoft\Windows\CurrentVersion\Uninstall\alvDocProp Excel Add-In 4.0.1 EN].]LOG]!><time="14:07:28.569330" date="01-08-2024" component="Convert-RegistryPath" context="AP\Tejas.subramani" type="1" thread="15676" file="Deploy-Application.ps1">
<![LOG[[Installation] :: Set registry key value: [Registry::HKEY_CURRENT_USER\SOFTWARE\Microsoft\Windows\CurrentVersion\Uninstall\alvDocProp Excel Add-In 4.0.1 EN] [NoModify = 1].]LOG]!><time="14:07:28.572330" date="01-08-2024" component="Set-RegistryKey" context="AP\Tejas.subramani" type="1" thread="15676" file="Deploy-Application.ps1">
<![LOG[[Installation] :: Return fully qualified registry key path [Registry::HKEY_CURRENT_USER\SOFTWARE\Microsoft\Windows\CurrentVersion\Uninstall\alvDocProp Excel Add-In 4.0.1 EN].]LOG]!><time="14:07:28.579330" date="01-08-2024" component="Convert-RegistryPath" context="AP\Tejas.subramani" type="1" thread="15676" file="Deploy-Application.ps1">
<![LOG[[Installation] :: Set registry key value: [Registry::HKEY_CURRENT_USER\SOFTWARE\Microsoft\Windows\CurrentVersion\Uninstall\alvDocProp Excel Add-In 4.0.1 EN] [NoRepair = 1].]LOG]!><time="14:07:28.582330" date="01-08-2024" component="Set-RegistryKey" context="AP\Tejas.subramani" type="1" thread="15676" file="Deploy-Application.ps1">
<![LOG[[Installation] :: The alvDocProp 4.0.1 Excel addin was installed successfully!]LOG]!><time="14:07:28.586330" date="01-08-2024" component="Deploy Application" context="AP\Tejas.subramani" type="1" thread="15676" file="Deploy-Application.ps1">
<![LOG[[Post-Installation] :: alvDocProp_4.0.1_EN Installation completed with exit code [0].]LOG]!><time="14:07:28.604330" date="01-08-2024" component="Exit-Script" context="AP\Tejas.subramani" type="1" thread="15676" file="Deploy-Application.ps1">
<![LOG[[Post-Installation] :: -------------------------------------------------------------------------------]LOG]!><time="14:07:28.607330" date="01-08-2024" component="Exit-Script" context="AP\Tejas.subramani" type="1" thread="15676" file="Deploy-Application.ps1">
